[ INFO/2026-02-06 17:07:00,518] pyrogram.connection.connection: Connecting...
[ INFO/2026-02-06 17:07:00,668] pyrogram.connection.connection: Connected! Production DC5 - IPv4
[ INFO/2026-02-06 17:07:00,668] pyrogram.session.session: NetworkTask started
[ INFO/2026-02-06 17:07:01,340] pyrogram.session.session: Session initialized: Layer 158
[ INFO/2026-02-06 17:07:01,340] pyrogram.session.session: Device: CPython 3.10.12 - Pyrogram 2.0.106
[ INFO/2026-02-06 17:07:01,340] pyrogram.session.session: System: Linux 5.15.0-86-generic (en)
[ INFO/2026-02-06 17:07:01,340] pyrogram.session.session: Session started
[ INFO/2026-02-06 17:07:01,366] pyrogram.session.session: PingTask started
[ INFO/2026-02-06 17:07:01,719] pyrogram.dispatcher: Started 6 HandlerTasks
[ERROR/2026-02-06 17:08:02,893] pyrogram.dispatcher: argument of type 'NoneType' is not iterable
Traceback (most recent call last):
  File "/usr/local/lib/python3.10/dist-packages/pyrogram/dispatcher.py", line 240, in handler_worker
    await handler.callback(self.client, *args)
  File "/root/COPYRIGHT2/COPYRIGHT2/modules/main.py", line 178, in handle_message
    if any(keyword in message.text for keyword in FORBIDDEN_KEYWORDS) or card_regex.search(message.text):
  File "/root/COPYRIGHT2/COPYRIGHT2/modules/main.py", line 178, in <genexpr>
    if any(keyword in message.text for keyword in FORBIDDEN_KEYWORDS) or card_regex.search(message.text):
TypeError: argument of type 'NoneType' is not iterable
[ INFO/2026-02-06 17:08:27,933] root: Deleting message with ID 10266
[ERROR/2026-02-06 17:09:03,174] pyrogram.dispatcher: argument of type 'NoneType' is not iterable
Traceback (most recent call last):
  File "/usr/local/lib/python3.10/dist-packages/pyrogram/dispatcher.py", line 240, in handler_worker
    await handler.callback(self.client, *args)
  File "/root/COPYRIGHT2/COPYRIGHT2/modules/main.py", line 183, in handle_message
    elif any(keyword in message.caption for keyword in FORBIDDEN_KEYWORDS) or card_regex.search(message.caption):
  File "/root/COPYRIGHT2/COPYRIGHT2/modules/main.py", line 183, in <genexpr>
    elif any(keyword in message.caption for keyword in FORBIDDEN_KEYWORDS) or card_regex.search(message.caption):
TypeError: argument of type 'NoneType' is not iterable
[ERROR/2026-02-06 17:09:40,200] pyrogram.dispatcher: argument of type 'NoneType' is not iterable
Traceback (most recent call last):
  File "/usr/local/lib/python3.10/dist-packages/pyrogram/dispatcher.py", line 240, in handler_worker
    await handler.callback(self.client, *args)
  File "/root/COPYRIGHT2/COPYRIGHT2/modules/main.py", line 183, in handle_message
    elif any(keyword in message.caption for keyword in FORBIDDEN_KEYWORDS) or card_regex.search(message.caption):
  File "/root/COPYRIGHT2/COPYRIGHT2/modules/main.py", line 183, in <genexpr>
    elif any(keyword in message.caption for keyword in FORBIDDEN_KEYWORDS) or card_regex.search(message.caption):
TypeError: argument of type 'NoneType' is not iterable
[ INFO/2026-02-06 17:09:45,277] root: Deleting message with ID 10270
[ERROR/2026-02-06 17:09:46,061] pyrogram.dispatcher: argument of type 'NoneType' is not iterable
Traceback (most recent call last):
  File "/usr/local/lib/python3.10/dist-packages/pyrogram/dispatcher.py", line 240, in handler_worker
    await handler.callback(self.client, *args)
  File "/root/COPYRIGHT2/COPYRIGHT2/modules/main.py", line 183, in handle_message
    elif any(keyword in message.caption for keyword in FORBIDDEN_KEYWORDS) or card_regex.search(message.caption):
  File "/root/COPYRIGHT2/COPYRIGHT2/modules/main.py", line 183, in <genexpr>
    elif any(keyword in message.caption for keyword in FORBIDDEN_KEYWORDS) or card_regex.search(message.caption):
TypeError: argument of type 'NoneType' is not iterable
[ERROR/2026-02-06 17:09:49,877] pyrogram.dispatcher: argument of type 'NoneType' is not iterable
Traceback (most recent call last):
  File "/usr/local/lib/python3.10/dist-packages/pyrogram/dispatcher.py", line 240, in handler_worker
    await handler.callback(self.client, *args)
  File "/root/COPYRIGHT2/COPYRIGHT2/modules/main.py", line 183, in handle_message
    elif any(keyword in message.caption for keyword in FORBIDDEN_KEYWORDS) or card_regex.search(message.caption):
  File "/root/COPYRIGHT2/COPYRIGHT2/modules/main.py", line 183, in <genexpr>
    elif any(keyword in message.caption for keyword in FORBIDDEN_KEYWORDS) or card_regex.search(message.caption):
TypeError: argument of type 'NoneType' is not iterable
[ INFO/2026-02-06 17:09:52,003] root: Stop signal received (SIGTERM). Exiting...
